<?xml version="1.0" encoding="UTF-8"?>
<testsuite name="com.baldurtech.controller.SimpleSiteIntegrationTest" time="1.056" tests="2" errors="0" skipped="0" failures="0">
  <properties>
    <property name="java.runtime.name" value="Java(TM) SE Runtime Environment"/>
    <property name="sun.boot.library.path" value="f:\jdk1.7\jdk1.7\jre\bin"/>
    <property name="java.vm.version" value="25.0-b70"/>
    <property name="java.vm.vendor" value="Oracle Corporation"/>
    <property name="java.vendor.url" value="http://java.oracle.com/"/>
    <property name="path.separator" value=";"/>
    <property name="guice.disable.misplaced.annotation.check" value="true"/>
    <property name="java.vm.name" value="Java HotSpot(TM) 64-Bit Server VM"/>
    <property name="file.encoding.pkg" value="sun.io"/>
    <property name="user.script" value=""/>
    <property name="user.country" value="CN"/>
    <property name="sun.java.launcher" value="SUN_STANDARD"/>
    <property name="sun.os.patch.level" value="Service Pack 1"/>
    <property name="java.vm.specification.name" value="Java Virtual Machine Specification"/>
    <property name="user.dir" value="d:\addressList"/>
    <property name="java.runtime.version" value="1.8.0-b132"/>
    <property name="java.awt.graphicsenv" value="sun.awt.Win32GraphicsEnvironment"/>
    <property name="java.endorsed.dirs" value="f:\jdk1.7\jdk1.7\jre\lib\endorsed"/>
    <property name="os.arch" value="amd64"/>
    <property name="java.io.tmpdir" value="C:\Users\BAIJIN~1\AppData\Local\Temp\"/>
    <property name="line.separator" value="&#10;"/>
    <property name="java.vm.specification.vendor" value="Oracle Corporation"/>
    <property name="user.variant" value=""/>
    <property name="os.name" value="Windows 7"/>
    <property name="classworlds.conf" value="d:/apache-maven-3.2.3/bin/m2.conf"/>
    <property name="sun.jnu.encoding" value="GB18030"/>
    <property name="java.library.path" value="f:\jdk1.7\jdk1.7\bin;C:\windows\Sun\Java\bin;C:\windows\system32;C:\windows;c:\Users\baijingyong\bin;.;F:\Git\local\bin;F:\Git\mingw\bin;F:\Git\bin;d:\apache-maven-3.2.3\bin;f:\VIM\Vim\vim74;f:\jdk1.7\jdk1.7\bin;%CATALINA_HOME%\bin\;f:\putty;c:\Program Files\Common Files\Microsoft Shared\Windows Live;c:\Program Files (x86)\Common Files\Microsoft Shared\Windows Live;c:\windows\system32;c:\windows;c:\windows\System32\Wbem;c:\windows\System32\WindowsPowerShell\v1.0\;c:\Program Files\Intel\WiFi\bin\;c:\Program Files\Common Files\Intel\WirelessCommon\;c:\Program Files (x86)\Common Files\Roxio Shared\DLLShared\;c:\Program Files (x86)\Common Files\Roxio Shared\OEM\DLLShared\;c:\Program Files (x86)\Common Files\Roxio Shared\OEM\DLLShared\;c:\Program Files (x86)\Common Files\Roxio Shared\OEM\12.0\DLLShared\;c:\Program Files (x86)\Roxio\OEM\AudioCore\;c:\Program Files (x86)\Windows Live\Shared;c:\Program Files (x86)\Microsoft SQL Server\100\Tools\Binn\;c:\Program Files\Microsoft SQL Server\100\Tools\Binn\;c:\Program Files\Microsoft SQL Server\100\DTS\Binn\;i:\学习资料\数据库系统\MySQL Sever5.1\bin;c:\Progr;m Files (x86)\MySQL\MySQL Server 5.1\bin;."/>
    <property name="java.specification.name" value="Java Platform API Specification"/>
    <property name="java.class.version" value="52.0"/>
    <property name="sun.management.compiler" value="HotSpot 64-Bit Tiered Compilers"/>
    <property name="os.version" value="6.1"/>
    <property name="user.home" value="C:\Users\baijingyong"/>
    <property name="user.timezone" value="Asia/Shanghai"/>
    <property name="java.awt.printerjob" value="sun.awt.windows.WPrinterJob"/>
    <property name="java.specification.version" value="1.8"/>
    <property name="file.encoding" value="GB18030"/>
    <property name="user.name" value="baijingyong"/>
    <property name="java.class.path" value="d:/apache-maven-3.2.3/boot/plexus-classworlds-2.5.1.jar"/>
    <property name="java.vm.specification.version" value="1.8"/>
    <property name="sun.arch.data.model" value="64"/>
    <property name="java.home" value="f:\jdk1.7\jdk1.7\jre"/>
    <property name="sun.java.command" value="org.codehaus.plexus.classworlds.launcher.Launcher test"/>
    <property name="java.specification.vendor" value="Oracle Corporation"/>
    <property name="user.language" value="zh"/>
    <property name="awt.toolkit" value="sun.awt.windows.WToolkit"/>
    <property name="java.vm.info" value="mixed mode"/>
    <property name="java.version" value="1.8.0"/>
    <property name="java.ext.dirs" value="f:\jdk1.7\jdk1.7\jre\lib\ext;C:\windows\Sun\Java\lib\ext"/>
    <property name="sun.boot.class.path" value="f:\jdk1.7\jdk1.7\jre\lib\resources.jar;f:\jdk1.7\jdk1.7\jre\lib\rt.jar;f:\jdk1.7\jdk1.7\jre\lib\sunrsasign.jar;f:\jdk1.7\jdk1.7\jre\lib\jsse.jar;f:\jdk1.7\jdk1.7\jre\lib\jce.jar;f:\jdk1.7\jdk1.7\jre\lib\charsets.jar;f:\jdk1.7\jdk1.7\jre\lib\jfr.jar;f:\jdk1.7\jdk1.7\jre\classes"/>
    <property name="sun.stderr.encoding" value="ms936"/>
    <property name="java.vendor" value="Oracle Corporation"/>
    <property name="maven.home" value="d:\apache-maven-3.2.3"/>
    <property name="file.separator" value="\"/>
    <property name="java.vendor.url.bug" value="http://bugreport.sun.com/bugreport/"/>
    <property name="sun.cpu.endian" value="little"/>
    <property name="sun.io.unicode.encoding" value="UnicodeLittle"/>
    <property name="sun.stdout.encoding" value="ms936"/>
    <property name="sun.desktop" value="windows"/>
    <property name="sun.cpu.isalist" value="amd64"/>
  </properties>
  <testcase name="thatTextReturned" classname="com.baldurtech.controller.SimpleSiteIntegrationTest" time="1.014"/>
  <testcase name="thatExceptedTextReturned" classname="com.baldurtech.controller.SimpleSiteIntegrationTest" time="0.042"/>
</testsuite>